[debug] [2022-03-26T13:06:40.834Z] ----------------------------------------------------------------------
[debug] [2022-03-26T13:06:40.838Z] Command:       C:\Program Files\nodejs\node.exe C:\Users\Saurav\AppData\Roaming\npm\node_modules\firebase-tools\lib\bin\firebase.js init
[debug] [2022-03-26T13:06:40.840Z] CLI Version:   10.5.0
[debug] [2022-03-26T13:06:40.840Z] Platform:      win32
[debug] [2022-03-26T13:06:40.840Z] Node Version:  v16.14.0
[debug] [2022-03-26T13:06:40.841Z] Time:          Sat Mar 26 2022 18:36:40 GMT+0530 (India Standard Time)
[debug] [2022-03-26T13:06:40.842Z] ----------------------------------------------------------------------
[debug] 
[debug] [2022-03-26T13:06:40.858Z] > command requires scopes: ["email","openid","https://www.googleapis.com/auth/cloudplatformprojects.readonly","https://www.googleapis.com/auth/firebase","https://www.googleapis.com/auth/cloud-platform"]
[debug] [2022-03-26T13:06:40.859Z] > authorizing via signed-in user (krabhinav216@gmail.com)
[info] 
     ######## #### ########  ######## ########     ###     ######  ########
     ##        ##  ##     ## ##       ##     ##  ##   ##  ##       ##
     ######    ##  ########  ######   ########  #########  ######  ######
     ##        ##  ##    ##  ##       ##     ## ##     ##       ## ##
     ##       #### ##     ## ######## ########  ##     ##  ######  ########

You're about to initialize a Firebase project in this directory:

  D:\ReactNative\OSGsite

[info] 
=== Project Setup
[info] 
[info] First, let's associate this project directory with a Firebase project.
[info] You can create multiple project aliases by running firebase use --add, 
[info] but for now we'll just set up a default project.
[info] 
[debug] [2022-03-26T13:07:24.760Z] >>> [apiv2][query] GET https://firebase.googleapis.com/v1beta1/projects pageSize=100
[debug] [2022-03-26T13:07:25.815Z] <<< [apiv2][status] GET https://firebase.googleapis.com/v1beta1/projects 200
[debug] [2022-03-26T13:07:25.816Z] <<< [apiv2][body] GET https://firebase.googleapis.com/v1beta1/projects [omitted]
[info] i  Using project manager-4b3e9 (manager) 
[info] 
=== Firestore Setup
[debug] [2022-03-26T13:07:28.345Z] >>> [apiv2][query] GET https://serviceusage.googleapis.com/v1/projects/manager-4b3e9/services/firestore.googleapis.com [none]
[debug] [2022-03-26T13:07:30.404Z] <<< [apiv2][status] GET https://serviceusage.googleapis.com/v1/projects/manager-4b3e9/services/firestore.googleapis.com 200
[debug] [2022-03-26T13:07:30.405Z] <<< [apiv2][body] GET https://serviceusage.googleapis.com/v1/projects/manager-4b3e9/services/firestore.googleapis.com {"name":"projects/371368232855/services/firestore.googleapis.com","config":{"name":"firestore.googleapis.com","title":"Cloud Firestore API","apis":[{"name":"google.cloud.location.Locations","methods":[{"name":"ListLocations"},{"name":"GetLocation"}],"version":"v1"},{"name":"google.longrunning.Operations","methods":[{"name":"ListOperations"},{"name":"GetOperation"},{"name":"DeleteOperation"},{"name":"CancelOperation"},{"name":"WaitOperation"}],"version":"v1"},{"name":"google.firestore.admin.v1.FirestoreAdmin","methods":[{"name":"CreateIndex"},{"name":"ListIndexes"},{"name":"GetIndex"},{"name":"DeleteIndex"},{"name":"GetField"},{"name":"UpdateField"},{"name":"ListFields"},{"name":"ExportDocuments"},{"name":"ImportDocuments"},{"name":"GetDatabase"},{"name":"ListDatabases"},{"name":"UpdateDatabase"}],"version":"v1"},{"name":"google.firestore.admin.v1beta1.FirestoreAdmin","methods":[{"name":"CreateIndex"},{"name":"ListIndexes"},{"name":"GetIndex"},{"name":"DeleteIndex"},{"name":"ExportDocuments"},{"name":"ImportDocuments"}],"version":"v1beta1"},{"name":"google.firestore.admin.v1beta2.FirestoreAdmin","methods":[{"name":"CreateIndex"},{"name":"ListIndexes"},{"name":"GetIndex"},{"name":"DeleteIndex"},{"name":"GetField"},{"name":"UpdateField"},{"name":"ListFields"},{"name":"ExportDocuments"},{"name":"ImportDocuments"}],"version":"v1beta2"},{"name":"google.firestore.v1.Firestore","methods":[{"name":"GetDocument"},{"name":"ListDocuments"},{"name":"UpdateDocument"},{"name":"DeleteDocument"},{"name":"BatchGetDocuments"},{"name":"BeginTransaction"},{"name":"Commit"},{"name":"Rollback"},{"name":"RunQuery"},{"name":"PartitionQuery"},{"name":"Write"},{"name":"Listen"},{"name":"ListCollectionIds"},{"name":"BatchWrite"},{"name":"CreateDocument"}],"version":"v1"},{"name":"google.firestore.v1beta1.Firestore","methods":[{"name":"GetDocument"},{"name":"ListDocuments"},{"name":"UpdateDocument"},{"name":"DeleteDocument"},{"name":"BatchGetDocuments"},{"name":"BeginTransaction"},{"name":"Commit"},{"name":"Rollback"},{"name":"RunQuery"},{"name":"PartitionQuery"},{"name":"Write"},{"name":"Listen"},{"name":"ListCollectionIds"},{"name":"BatchWrite"},{"name":"CreateDocument"}],"version":"v1beta1"},{"name":"google.discovery.Discovery","methods":[{"name":"GetDiscovery"},{"name":"GetDiscoveryRest"}],"version":"v1"}],"documentation":{"summary":"Accesses the NoSQL document database built for automatic scaling, high performance, and ease of application development.\n"},"quota":{"limits":[{"name":"LocationsRequestsPerMinutePerProject","metric":"firestore.googleapis.com/locations_requests","unit":"1/min/{project}","values":{"DEFAULT":"60"},"displayName":"Locations Requests Per Minute"},{"name":"ExportsPerMinutePerProject","metric":"firestore.googleapis.com/export_requests","unit":"1/min/{project}","values":{"DEFAULT":"20"},"displayName":"Export Requests Per Minute"},{"name":"ImportsPerMinutePerProject","metric":"firestore.googleapis.com/import_requests","unit":"1/min/{project}","values":{"DEFAULT":"20"},"displayName":"Import Requests Per Minute"},{"name":"DatabaseOperationsPerMinutePerProject","metric":"firestore.googleapis.com/database_operation_requests","unit":"1/min/{project}","values":{"DEFAULT":"60"},"displayName":"Database Operations Per Minute"}]},"authentication":{"rules":[{"oauth":{"canonicalScopes":"https://www.googleapis.com/auth/datastore, https://www.googleapis.com/auth/cloud-platform"}},{"oauth":{"canonicalScopes":"https://www.googleapis.com/auth/datastore, https://www.googleapis.com/auth/cloud-platform"}},{"oauth":{"canonicalScopes":"https://www.googleapis.com/auth/datastore, https://www.googleapis.com/auth/cloud-platform"}},{"oauth":{"canonicalScopes":"https://www.googleapis.com/auth/datastore, https://www.googleapis.com/auth/cloud-platform"}},{"oauth":{"canonicalScopes":"https://www.googleapis.com/auth/datastore, https://www.googleapis.com/auth/cloud-platform"}},{"oauth":{"canonicalScopes":"https://www.googleapis.com/auth/datastore, https://www.googleapis.com/auth/cloud-platform"}},{"oauth":{"canonicalScopes":"https://www.googleapis.com/auth/datastore, https://www.googleapis.com/auth/cloud-platform"}},{"oauth":{"canonicalScopes":"https://www.googleapis.com/auth/datastore, https://www.googleapis.com/auth/cloud-platform"}},{"oauth":{"canonicalScopes":"https://www.googleapis.com/auth/datastore, https://www.googleapis.com/auth/cloud-platform"}},{"oauth":{"canonicalScopes":"https://www.googleapis.com/auth/datastore, https://www.googleapis.com/auth/cloud-platform"}},{"oauth":{"canonicalScopes":"https://www.googleapis.com/auth/datastore, https://www.googleapis.com/auth/cloud-platform"}},{"oauth":{"canonicalScopes":"https://www.googleapis.com/auth/datastore, https://www.googleapis.com/auth/cloud-platform"}},{"oauth":{"canonicalScopes":"https://www.googleapis.com/auth/datastore, https://www.googleapis.com/auth/cloud-platform"}},{"oauth":{"canonicalScopes":"https://www.googleapis.com/auth/datastore, https://www.googleapis.com/auth/cloud-platform"}},{"oauth":{"canonicalScopes":"https://www.googleapis.com/auth/datastore, https://www.googleapis.com/auth/cloud-platform"}},{"oauth":{"canonicalScopes":"https://www.googleapis.com/auth/datastore, https://www.googleapis.com/auth/cloud-platform"}},{"oauth":{"canonicalScopes":"https://www.googleapis.com/auth/datastore, https://www.googleapis.com/auth/cloud-platform"}},{"oauth":{"canonicalScopes":"https://www.googleapis.com/auth/datastore, https://www.googleapis.com/auth/cloud-platform"}},{"oauth":{"canonicalScopes":"https://www.googleapis.com/auth/datastore, https://www.googleapis.com/auth/cloud-platform"}},{"oauth":{"canonicalScopes":"https://www.googleapis.com/auth/datastore, https://www.googleapis.com/auth/cloud-platform"}},{"oauth":{"canonicalScopes":"https://www.googleapis.com/auth/datastore, https://www.googleapis.com/auth/cloud-platform"}},{"oauth":{"canonicalScopes":"https://www.googleapis.com/auth/datastore, https://www.googleapis.com/auth/cloud-platform"}},{"oauth":{"canonicalScopes":"https://www.googleapis.com/auth/datastore, https://www.googleapis.com/auth/cloud-platform"}},{"oauth":{"canonicalScopes":"https://www.googleapis.com/auth/datastore, https://www.googleapis.com/auth/cloud-platform"}},{"oauth":{"canonicalScopes":"https://www.googleapis.com/auth/datastore, https://www.googleapis.com/auth/cloud-platform"}},{"oauth":{"canonicalScopes":"https://www.googleapis.com/auth/datastore, https://www.googleapis.com/auth/cloud-platform"}},{"oauth":{"canonicalScopes":"https://www.googleapis.com/auth/datastore, https://www.googleapis.com/auth/cloud-platform"}},{"oauth":{"canonicalScopes":"https://www.googleapis.com/auth/datastore, https://www.googleapis.com/auth/cloud-platform"}},{"oauth":{"canonicalScopes":"https://www.googleapis.com/auth/datastore, https://www.googleapis.com/auth/cloud-platform"}},{"oauth":{"canonicalScopes":"https://www.googleapis.com/auth/datastore, https://www.googleapis.com/auth/cloud-platform"}},{"oauth":{"canonicalScopes":"https://www.googleapis.com/auth/datastore, https://www.googleapis.com/auth/cloud-platform"}},{"oauth":{"canonicalScopes":"https://www.googleapis.com/auth/datastore, https://www.googleapis.com/auth/cloud-platform"}},{"oauth":{"canonicalScopes":"https://www.googleapis.com/auth/datastore, https://www.googleapis.com/auth/cloud-platform"}},{"oauth":{"canonicalScopes":"https://www.googleapis.com/auth/datastore, https://www.googleapis.com/auth/cloud-platform"}},{"oauth":{"canonicalScopes":"https://www.googleapis.com/auth/datastore, https://www.googleapis.com/auth/cloud-platform"}},{"oauth":{"canonicalScopes":"https://www.googleapis.com/auth/datastore, https://www.googleapis.com/auth/cloud-platform"}},{"oauth":{"canonicalScopes":"https://www.googleapis.com/auth/datastore, https://www.googleapis.com/auth/cloud-platform"}},{"oauth":{"canonicalScopes":"https://www.googleapis.com/auth/datastore, https://www.googleapis.com/auth/cloud-platform"}},{"oauth":{"canonicalScopes":"https://www.googleapis.com/auth/datastore, https://www.googleapis.com/auth/cloud-platform"}},{"oauth":{"canonicalScopes":"https://www.googleapis.com/auth/datastore, https://www.googleapis.com/auth/cloud-platform"}},{"oauth":{"canonicalScopes":"https://www.googleapis.com/auth/datastore, https://www.googleapis.com/auth/cloud-platform"}},{"oauth":{"canonicalScopes":"https://www.googleapis.com/auth/datastore, https://www.googleapis.com/auth/cloud-platform"}},{"oauth":{"canonicalScopes":"https://www.googleapis.com/auth/datastore, https://www.googleapis.com/auth/cloud-platform"}},{"oauth":{"canonicalScopes":"https://www.googleapis.com/auth/datastore, https://www.googleapis.com/auth/cloud-platform"}},{"oauth":{"canonicalScopes":"https://www.googleapis.com/auth/datastore, https://www.googleapis.com/auth/cloud-platform"}},{"oauth":{"canonicalScopes":"https://www.googleapis.com/auth/datastore, https://www.googleapis.com/auth/cloud-platform"}},{"oauth":{"canonicalScopes":"https://www.googleapis.com/auth/datastore, https://www.googleapis.com/auth/cloud-platform"}},{"oauth":{"canonicalScopes":"https://www.googleapis.com/auth/datastore, https://www.googleapis.com/auth/cloud-platform"}},{"oauth":{"canonicalScopes":"https://www.googleapis.com/auth/datastore, https://www.googleapis.com/auth/cloud-platform"}},{"oauth":{"canonicalScopes":"https://www.googleapis.com/auth/datastore, https://www.googleapis.com/auth/cloud-platform"}},{"oauth":{"canonicalScopes":"https://www.googleapis.com/auth/datastore, https://www.googleapis.com/auth/cloud-platform"}},{"oauth":{"canonicalScopes":"https://www.googleapis.com/auth/datastore, https://www.googleapis.com/auth/cloud-platform"}},{"oauth":{"canonicalScopes":"https://www.googleapis.com/auth/datastore, https://www.googleapis.com/auth/cloud-platform"}},{"oauth":{"canonicalScopes":"https://www.googleapis.com/auth/datastore, https://www.googleapis.com/auth/cloud-platform"}},{"oauth":{"canonicalScopes":"https://www.googleapis.com/auth/datastore, https://www.googleapis.com/auth/cloud-platform"}},{"oauth":{"canonicalScopes":"https://www.googleapis.com/auth/datastore, https://www.googleapis.com/auth/cloud-platform"}},{"oauth":{"canonicalScopes":"https://www.googleapis.com/auth/datastore, https://www.googleapis.com/auth/cloud-platform"}},{"oauth":{"canonicalScopes":"https://www.googleapis.com/auth/datastore, https://www.googleapis.com/auth/cloud-platform"}},{"oauth":{"canonicalScopes":"https://www.googleapis.com/auth/datastore, https://www.googleapis.com/auth/cloud-platform"}},{"oauth":{"canonicalScopes":"https://www.googleapis.com/auth/datastore, https://www.googleapis.com/auth/cloud-platform"}},{"oauth":{"canonicalScopes":"https://www.googleapis.com/auth/datastore, https://www.googleapis.com/auth/cloud-platform"}},{"oauth":{"canonicalScopes":"https://www.googleapis.com/auth/datastore, https://www.googleapis.com/auth/cloud-platform"}},{"oauth":{"canonicalScopes":"https://www.googleapis.com/auth/datastore, https://www.googleapis.com/auth/cloud-platform"}},{"oauth":{"canonicalScopes":"https://www.googleapis.com/auth/datastore, https://www.googleapis.com/auth/cloud-platform"}},{"oauth":{"canonicalScopes":"https://www.googleapis.com/auth/datastore, https://www.googleapis.com/auth/cloud-platform"}},{"oauth":{"canonicalScopes":"https://www.googleapis.com/auth/datastore, https://www.googleapis.com/auth/cloud-platform"}},{"oauth":{"canonicalScopes":"https://www.googleapis.com/auth/datastore, https://www.googleapis.com/auth/cloud-platform"}},{"oauth":{"canonicalScopes":"https://www.googleapis.com/auth/datastore, https://www.googleapis.com/auth/cloud-platform"}},{"oauth":{"canonicalScopes":"https://www.googleapis.com/auth/datastore, https://www.googleapis.com/auth/cloud-platform"}},{"oauth":{"canonicalScopes":"https://www.googleapis.com/auth/datastore, https://www.googleapis.com/auth/cloud-platform"}},{"oauth":{"canonicalScopes":"https://www.googleapis.com/auth/datastore, https://www.googleapis.com/auth/cloud-platform"}},{"oauth":{"canonicalScopes":"https://www.googleapis.com/auth/datastore, https://www.googleapis.com/auth/cloud-platform"}},{"oauth":{"canonicalScopes":"https://www.googleapis.com/auth/datastore, https://www.googleapis.com/auth/cloud-platform"}},{"oauth":{"canonicalScopes":"https://www.googleapis.com/auth/datastore, https://www.googleapis.com/auth/cloud-platform"}},{"oauth":{"canonicalScopes":"https://www.googleapis.com/auth/datastore, https://www.googleapis.com/auth/cloud-platform"}},{"oauth":{"canonicalScopes":"https://www.googleapis.com/auth/datastore, https://www.googleapis.com/auth/cloud-platform"}},{"oauth":{"canonicalScopes":"https://www.googleapis.com/auth/datastore, https://www.googleapis.com/auth/cloud-platform"}},{"oauth":{"canonicalScopes":"https://www.googleapis.com/auth/datastore, https://www.googleapis.com/auth/cloud-platform"}},{"oauth":{"canonicalScopes":"https://www.googleapis.com/auth/datastore, https://www.googleapis.com/auth/cloud-platform"}},{"oauth":{"canonicalScopes":"https://www.googleapis.com/auth/datastore, https://www.googleapis.com/auth/cloud-platform"}},{"oauth":{"canonicalScopes":"https://www.googleapis.com/auth/datastore, https://www.googleapis.com/auth/cloud-platform"}},{"oauth":{"canonicalScopes":"https://www.googleapis.com/auth/datastore, https://www.googleapis.com/auth/cloud-platform"}},{"oauth":{"canonicalScopes":"https://www.googleapis.com/auth/datastore, https://www.googleapis.com/auth/cloud-platform"}},{"oauth":{"canonicalScopes":"https://www.googleapis.com/auth/datastore, https://www.googleapis.com/auth/cloud-platform"}},{"oauth":{"canonicalScopes":"https://www.googleapis.com/auth/datastore, https://www.googleapis.com/auth/cloud-platform"}},{"oauth":{"canonicalScopes":"https://www.googleapis.com/auth/datastore, https://www.googleapis.com/auth/cloud-platform"}},{"oauth":{"canonicalScopes":"https://www.googleapis.com/auth/datastore, https://www.googleapis.com/auth/cloud-platform"}},{"oauth":{"canonicalScopes":"https://www.googleapis.com/auth/datastore, https://www.googleapis.com/auth/cloud-platform"}},{"oauth":{"canonicalScopes":"https://www.googleapis.com/auth/datastore, https://www.googleapis.com/auth/cloud-platform"}},{"oauth":{"canonicalScopes":"https://www.googleapis.com/auth/datastore, https://www.googleapis.com/auth/cloud-platform"}},{"oauth":{"canonicalScopes":"https://www.googleapis.com/auth/datastore, https://www.googleapis.com/auth/cloud-platform"}},{"oauth":{"canonicalScopes":"https://www.googleapis.com/auth/datastore, https://www.googleapis.com/auth/cloud-platform"}},{"oauth":{"canonicalScopes":"https://www.googleapis.com/auth/datastore, https://www.googleapis.com/auth/cloud-platform"}},{"oauth":{"canonicalScopes":"https://www.googleapis.com/auth/datastore, https://www.googleapis.com/auth/cloud-platform"}}]},"usage":{"requirements":["serviceusage.googleapis.com/tos/cloud"]},"endpoints":[{"name":"firestore.googleapis.com"},{"name":"firestore.clients6.google.com"},{"name":"content-firestore.googleapis.com"},{"name":"firestore.mtls.googleapis.com"},{"name":"firestore.mtls.clients6.google.com"},{"name":"content-firestore.mtls.googleapis.com"}],"monitoring":{}},"state":"ENABLED","parent":"projects/371368232855"}
[debug] [2022-03-26T13:07:30.413Z] > refreshing access token with scopes: ["email","https://www.googleapis.com/auth/cloud-platform","https://www.googleapis.com/auth/cloudplatformprojects.readonly","https://www.googleapis.com/auth/firebase","openid"]
[debug] [2022-03-26T13:07:30.415Z] >>> HTTP REQUEST POST https://www.googleapis.com/oauth2/v3/token  
 <request body omitted>
[debug] [2022-03-26T13:07:30.750Z] <<< HTTP RESPONSE 200 {"pragma":"no-cache","expires":"Mon, 01 Jan 1990 00:00:00 GMT","date":"Sat, 26 Mar 2022 13:07:32 GMT","cache-control":"no-cache, no-store, max-age=0, must-revalidate","content-type":"application/json; charset=utf-8","vary":"X-Origin, Referer, Origin,Accept-Encoding","server":"scaffolding on HTTPServer2","x-xss-protection":"0","x-frame-options":"SAMEORIGIN","x-content-type-options":"nosniff","alt-svc":"h3=\":443\"; ma=2592000,h3-29=\":443\"; ma=2592000,h3-Q050=\":443\"; ma=2592000,h3-Q046=\":443\"; ma=2592000,h3-Q043=\":443\"; ma=2592000,quic=\":443\"; ma=2592000; v=\"46,43\"","accept-ranges":"none","transfer-encoding":"chunked"}
[debug] [2022-03-26T13:07:30.893Z] >>> HTTP REQUEST GET https://appengine.googleapis.com/v1/apps/manager-4b3e9  
 
[debug] [2022-03-26T13:07:31.398Z] <<< HTTP RESPONSE 200 {"content-type":"application/json; charset=UTF-8","vary":"X-Origin, Referer, Origin,Accept-Encoding","date":"Sat, 26 Mar 2022 13:07:33 GMT","server":"ESF","cache-control":"private","x-xss-protection":"0","x-frame-options":"SAMEORIGIN","x-content-type-options":"nosniff","alt-svc":"h3=\":443\"; ma=2592000,h3-29=\":443\"; ma=2592000,h3-Q050=\":443\"; ma=2592000,h3-Q046=\":443\"; ma=2592000,h3-Q043=\":443\"; ma=2592000,quic=\":443\"; ma=2592000; v=\"46,43\"","accept-ranges":"none","transfer-encoding":"chunked"}
[debug] [2022-03-26T13:07:31.401Z] database_type: CLOUD_FIRESTORE
[debug] [2022-03-26T13:07:31.403Z] > command requires scopes: ["email","openid","https://www.googleapis.com/auth/cloudplatformprojects.readonly","https://www.googleapis.com/auth/firebase","https://www.googleapis.com/auth/cloud-platform"]
[debug] [2022-03-26T13:07:31.403Z] > authorizing via signed-in user (krabhinav216@gmail.com)
[debug] [2022-03-26T13:07:31.404Z] [iam] checking project manager-4b3e9 for permissions ["firebase.projects.get"]
[debug] [2022-03-26T13:07:31.406Z] > refreshing access token with scopes: []
[debug] [2022-03-26T13:07:31.406Z] >>> HTTP REQUEST POST https://www.googleapis.com/oauth2/v3/token  
 <request body omitted>
[debug] [2022-03-26T13:07:31.697Z] <<< HTTP RESPONSE 200 {"cache-control":"no-cache, no-store, max-age=0, must-revalidate","expires":"Mon, 01 Jan 1990 00:00:00 GMT","pragma":"no-cache","date":"Sat, 26 Mar 2022 13:07:33 GMT","content-type":"application/json; charset=utf-8","vary":"X-Origin, Referer, Origin,Accept-Encoding","server":"scaffolding on HTTPServer2","x-xss-protection":"0","x-frame-options":"SAMEORIGIN","x-content-type-options":"nosniff","alt-svc":"h3=\":443\"; ma=2592000,h3-29=\":443\"; ma=2592000,h3-Q050=\":443\"; ma=2592000,h3-Q046=\":443\"; ma=2592000,h3-Q043=\":443\"; ma=2592000,quic=\":443\"; ma=2592000; v=\"46,43\"","accept-ranges":"none","transfer-encoding":"chunked"}
[debug] [2022-03-26T13:07:31.800Z] >>> [apiv2][query] POST https://cloudresourcemanager.googleapis.com/v1/projects/manager-4b3e9:testIamPermissions [none]
[debug] [2022-03-26T13:07:31.801Z] >>> [apiv2][body] POST https://cloudresourcemanager.googleapis.com/v1/projects/manager-4b3e9:testIamPermissions {"permissions":["firebase.projects.get"]}
[debug] [2022-03-26T13:07:33.500Z] <<< [apiv2][status] POST https://cloudresourcemanager.googleapis.com/v1/projects/manager-4b3e9:testIamPermissions 200
[debug] [2022-03-26T13:07:33.501Z] <<< [apiv2][body] POST https://cloudresourcemanager.googleapis.com/v1/projects/manager-4b3e9:testIamPermissions {"permissions":["firebase.projects.get"]}
[info] 
[info] Firestore Security Rules allow you to define how and when to allow
[info] requests. You can keep these rules in your project directory
[info] and publish them with firebase deploy.
[info] 
[debug] [2022-03-26T13:07:53.672Z] >>> [apiv2][query] GET https://firebaserules.googleapis.com/v1/projects/manager-4b3e9/releases pageSize=10&pageToken=
[debug] [2022-03-26T13:07:55.312Z] <<< [apiv2][status] GET https://firebaserules.googleapis.com/v1/projects/manager-4b3e9/releases 200
[debug] [2022-03-26T13:07:55.313Z] <<< [apiv2][body] GET https://firebaserules.googleapis.com/v1/projects/manager-4b3e9/releases {"releases":[{"name":"projects/manager-4b3e9/releases/cloud.firestore","rulesetName":"projects/manager-4b3e9/rulesets/3d9941d0-7f7e-46c4-82cd-b54896174360","createTime":"2022-03-11T08:40:24.410904Z","updateTime":"2022-03-11T08:43:17.851636Z"},{"name":"projects/manager-4b3e9/releases/firebase.storage/manager-4b3e9.appspot.com","rulesetName":"projects/manager-4b3e9/rulesets/4c0bb9d4-da28-4c68-9cdf-73a5b7e7597e","createTime":"2022-03-26T12:36:40.236723Z","updateTime":"2022-03-26T12:37:02.474653Z"}]}
[debug] [2022-03-26T13:07:55.314Z] Found ruleset: projects/manager-4b3e9/rulesets/3d9941d0-7f7e-46c4-82cd-b54896174360
[debug] [2022-03-26T13:07:55.316Z] >>> [apiv2][query] GET https://firebaserules.googleapis.com/v1/projects/manager-4b3e9/rulesets/3d9941d0-7f7e-46c4-82cd-b54896174360 [none]
[debug] [2022-03-26T13:07:56.785Z] <<< [apiv2][status] GET https://firebaserules.googleapis.com/v1/projects/manager-4b3e9/rulesets/3d9941d0-7f7e-46c4-82cd-b54896174360 200
[debug] [2022-03-26T13:07:56.785Z] <<< [apiv2][body] GET https://firebaserules.googleapis.com/v1/projects/manager-4b3e9/rulesets/3d9941d0-7f7e-46c4-82cd-b54896174360 [omitted]
[info] 
[info] Firestore indexes allow you to perform complex queries while
[info] maintaining performance that scales with the size of the result
[info] set. You can keep index definitions in your project directory
[info] and publish them with firebase deploy.
[info] 
[debug] [2022-03-26T13:08:01.247Z] > refreshing access token with scopes: ["email","https://www.googleapis.com/auth/cloud-platform","https://www.googleapis.com/auth/cloudplatformprojects.readonly","https://www.googleapis.com/auth/firebase","openid"]
[debug] [2022-03-26T13:08:01.247Z] >>> HTTP REQUEST POST https://www.googleapis.com/oauth2/v3/token  
 <request body omitted>
[debug] [2022-03-26T13:08:01.249Z] > refreshing access token with scopes: ["email","https://www.googleapis.com/auth/cloud-platform","https://www.googleapis.com/auth/cloudplatformprojects.readonly","https://www.googleapis.com/auth/firebase","openid"]
[debug] [2022-03-26T13:08:01.250Z] >>> HTTP REQUEST POST https://www.googleapis.com/oauth2/v3/token  
 <request body omitted>
[debug] [2022-03-26T13:08:01.528Z] <<< HTTP RESPONSE 200 {"expires":"Mon, 01 Jan 1990 00:00:00 GMT","date":"Sat, 26 Mar 2022 13:08:03 GMT","pragma":"no-cache","cache-control":"no-cache, no-store, max-age=0, must-revalidate","content-type":"application/json; charset=utf-8","vary":"X-Origin, Referer, Origin,Accept-Encoding","server":"scaffolding on HTTPServer2","x-xss-protection":"0","x-frame-options":"SAMEORIGIN","x-content-type-options":"nosniff","alt-svc":"h3=\":443\"; ma=2592000,h3-29=\":443\"; ma=2592000,h3-Q050=\":443\"; ma=2592000,h3-Q046=\":443\"; ma=2592000,h3-Q043=\":443\"; ma=2592000,quic=\":443\"; ma=2592000; v=\"46,43\"","accept-ranges":"none","transfer-encoding":"chunked"}
[debug] [2022-03-26T13:08:01.647Z] >>> HTTP REQUEST GET https://firestore.googleapis.com/v1/projects/manager-4b3e9/databases/(default)/collectionGroups/-/indexes  
 
[debug] [2022-03-26T13:08:01.658Z] <<< HTTP RESPONSE 200 {"date":"Sat, 26 Mar 2022 13:08:03 GMT","expires":"Mon, 01 Jan 1990 00:00:00 GMT","cache-control":"no-cache, no-store, max-age=0, must-revalidate","pragma":"no-cache","content-type":"application/json; charset=utf-8","vary":"X-Origin, Referer, Origin,Accept-Encoding","server":"scaffolding on HTTPServer2","x-xss-protection":"0","x-frame-options":"SAMEORIGIN","x-content-type-options":"nosniff","alt-svc":"h3=\":443\"; ma=2592000,h3-29=\":443\"; ma=2592000,h3-Q050=\":443\"; ma=2592000,h3-Q046=\":443\"; ma=2592000,h3-Q043=\":443\"; ma=2592000,quic=\":443\"; ma=2592000; v=\"46,43\"","accept-ranges":"none","transfer-encoding":"chunked"}
[debug] [2022-03-26T13:08:01.733Z] >>> HTTP REQUEST GET https://firestore.googleapis.com/v1/projects/manager-4b3e9/databases/(default)/collectionGroups/-/fields?filter=indexConfig.usesAncestorConfig=false  
 
[debug] [2022-03-26T13:08:02.032Z] <<< HTTP RESPONSE 200 {"content-type":"application/json; charset=UTF-8","vary":"X-Origin, Referer, Origin,Accept-Encoding","date":"Sat, 26 Mar 2022 13:08:03 GMT","server":"ESF","cache-control":"private","x-xss-protection":"0","x-frame-options":"SAMEORIGIN","x-content-type-options":"nosniff","alt-svc":"h3=\":443\"; ma=2592000,h3-29=\":443\"; ma=2592000,h3-Q050=\":443\"; ma=2592000,h3-Q046=\":443\"; ma=2592000,h3-Q043=\":443\"; ma=2592000,quic=\":443\"; ma=2592000; v=\"46,43\"","accept-ranges":"none","transfer-encoding":"chunked"}
[debug] [2022-03-26T13:08:02.054Z] <<< HTTP RESPONSE 200 {"content-type":"application/json; charset=UTF-8","vary":"X-Origin, Referer, Origin,Accept-Encoding","date":"Sat, 26 Mar 2022 13:08:03 GMT","server":"ESF","cache-control":"private","x-xss-protection":"0","x-frame-options":"SAMEORIGIN","x-content-type-options":"nosniff","alt-svc":"h3=\":443\"; ma=2592000,h3-29=\":443\"; ma=2592000,h3-Q050=\":443\"; ma=2592000,h3-Q046=\":443\"; ma=2592000,h3-Q043=\":443\"; ma=2592000,quic=\":443\"; ma=2592000; v=\"46,43\"","accept-ranges":"none","transfer-encoding":"chunked"}
[info] 
=== Hosting Setup
[info] 
[info] Your public directory is the folder (relative to your project directory) that
[info] will contain Hosting assets to be uploaded with firebase deploy. If you
[info] have a build process for your assets, use your build's output directory.
[info] 
[debug] [2022-03-26T13:08:31.050Z] >>> [apiv2][query] GET https://www.gstatic.com/firebasejs/releases.json [none]
[debug] [2022-03-26T13:08:31.325Z] <<< [apiv2][status] GET https://www.gstatic.com/firebasejs/releases.json 200
[debug] [2022-03-26T13:08:31.325Z] <<< [apiv2][body] GET https://www.gstatic.com/firebasejs/releases.json {"current":{"version":"9.6.10","browserURL":"https://www.gstatic.com/firebasejs/9.6.10/firebase.js","packageURL":"https://www.gstatic.com/firebasejs/9.6.10/firebase.tgz"},"live":{"version":"9.6","browserURL":"https://www.gstatic.com/firebasejs/live/9.6/firebase.js","packageURL":"https://www.gstatic.com/firebasejs/live/9.6/firebase.tgz"},"components":{"analytics":"https://www.gstatic.com/firebasejs/9.6.10/firebase-analytics.js","app":"https://www.gstatic.com/firebasejs/9.6.10/firebase-app.js","app-check":"https://www.gstatic.com/firebasejs/9.6.10/firebase-app-check.js","auth":"https://www.gstatic.com/firebasejs/9.6.10/firebase-auth.js","auth/cordova":"https://www.gstatic.com/firebasejs/9.6.10/firebase-auth/cordova.js","auth/react-native":"https://www.gstatic.com/firebasejs/9.6.10/firebase-auth/react-native.js","functions":"https://www.gstatic.com/firebasejs/9.6.10/firebase-functions.js","firestore":"https://www.gstatic.com/firebasejs/9.6.10/firebase-firestore.js","firestore/lite":"https://www.gstatic.com/firebasejs/9.6.10/firebase-firestore/lite.js","storage":"https://www.gstatic.com/firebasejs/9.6.10/firebase-storage.js","performance":"https://www.gstatic.com/firebasejs/9.6.10/firebase-performance.js","remote-config":"https://www.gstatic.com/firebasejs/9.6.10/firebase-remote-config.js","messaging":"https://www.gstatic.com/firebasejs/9.6.10/firebase-messaging.js","messaging/sw":"https://www.gstatic.com/firebasejs/9.6.10/firebase-messaging/sw.js","database":"https://www.gstatic.com/firebasejs/9.6.10/firebase-database.js","firestore.memory":"https://www.gstatic.com/firebasejs/9.6.10/firebase-firestore.memory.js"}}
[info] i  Skipping write of public/index.html 
[info] 
[info] i  Didn't detect a .git folder. Assuming D:\ReactNative\OSGsite is the project root. 
[info] i  Authorizing with GitHub to upload your service account to a GitHub repository's secrets store. 
[info] 
[info] Visit this URL on this device to log in:
[info] https://github.com/login/oauth/authorize?client_id=89cf50f02ac6aaed3484&state=34071582&redirect_uri=http%3A%2F%2Flocalhost%3A9005&scope=read%3Auser%20repo%20public_repo
[info] 
[info] Waiting for authentication...
[debug] [2022-03-26T13:08:47.819Z] >>> HTTP REQUEST POST https://github.com/login/oauth/access_token  
 {"client_id":"89cf50f02ac6aaed3484","client_secret":"3330d14abc895d9a74d5f17cd7a00711fa2c5bf0","code":"8ba1c817f80dc50f8b73","redirect_uri":"http://localhost:9005","state":"34071582"}
[debug] [2022-03-26T13:08:48.255Z] <<< HTTP RESPONSE 200 {"server":"GitHub.com","date":"Sat, 26 Mar 2022 13:08:49 GMT","content-type":"application/json; charset=utf-8","transfer-encoding":"chunked","vary":"X-PJAX, X-PJAX-Container, Accept-Encoding, Accept, X-Requested-With","permissions-policy":"interest-cohort=()","etag":"W/\"99abf87dd07a5c246e36daf84d698cf4\"","cache-control":"max-age=0, private, must-revalidate","strict-transport-security":"max-age=31536000; includeSubdomains; preload","x-frame-options":"deny","x-content-type-options":"nosniff","x-xss-protection":"0","referrer-policy":"origin-when-cross-origin, strict-origin-when-cross-origin","expect-ct":"max-age=2592000, report-uri=\"https://api.github.com/_private/browser/errors\"","content-security-policy":"default-src 'none'; base-uri 'self'; block-all-mixed-content; child-src github.com/assets-cdn/worker/ gist.github.com/assets-cdn/worker/; connect-src 'self' uploads.github.com objects-origin.githubusercontent.com www.githubstatus.com collector.githubapp.com collector.github.com api.github.com github-cloud.s3.amazonaws.com github-production-repository-file-5c1aeb.s3.amazonaws.com github-production-upload-manifest-file-7fdce7.s3.amazonaws.com github-production-user-asset-6210df.s3.amazonaws.com cdn.optimizely.com logx.optimizely.com/v1/events translator.github.com wss://alive.github.com; font-src github.githubassets.com; form-action 'self' github.com gist.github.com objects-origin.githubusercontent.com; frame-ancestors 'none'; frame-src render.githubusercontent.com viewscreen.githubusercontent.com notebooks.githubusercontent.com; img-src 'self' data: github.githubassets.com identicons.github.com collector.githubapp.com collector.github.com github-cloud.s3.amazonaws.com secured-user-images.githubusercontent.com/ *.githubusercontent.com; manifest-src 'self'; media-src github.com user-images.githubusercontent.com/; script-src github.githubassets.com; style-src 'unsafe-inline' github.githubassets.com; worker-src github.com/assets-cdn/worker/ gist.github.com/assets-cdn/worker/","x-github-request-id":"DF6B:7448:10603EB:128C1DF:623F1061"}
[debug] [2022-03-26T13:08:48.276Z] >>> [apiv2][query] GET https://api.github.com/user [none]
[debug] [2022-03-26T13:08:48.719Z] <<< [apiv2][status] GET https://api.github.com/user 200
[debug] [2022-03-26T13:08:48.719Z] <<< [apiv2][body] GET https://api.github.com/user {"login":"Abhinavkumar216","id":26456728,"node_id":"MDQ6VXNlcjI2NDU2NzI4","avatar_url":"https://avatars.githubusercontent.com/u/26456728?v=4","gravatar_id":"","url":"https://api.github.com/users/Abhinavkumar216","html_url":"https://github.com/Abhinavkumar216","followers_url":"https://api.github.com/users/Abhinavkumar216/followers","following_url":"https://api.github.com/users/Abhinavkumar216/following{/other_user}","gists_url":"https://api.github.com/users/Abhinavkumar216/gists{/gist_id}","starred_url":"https://api.github.com/users/Abhinavkumar216/starred{/owner}{/repo}","subscriptions_url":"https://api.github.com/users/Abhinavkumar216/subscriptions","organizations_url":"https://api.github.com/users/Abhinavkumar216/orgs","repos_url":"https://api.github.com/users/Abhinavkumar216/repos","events_url":"https://api.github.com/users/Abhinavkumar216/events{/privacy}","received_events_url":"https://api.github.com/users/Abhinavkumar216/received_events","type":"User","site_admin":false,"name":null,"company":null,"blog":"","location":null,"email":null,"hireable":null,"bio":null,"twitter_username":null,"public_repos":4,"public_gists":0,"followers":0,"following":1,"created_at":"2017-03-16T09:27:09Z","updated_at":"2022-03-16T06:14:52Z","private_gists":0,"total_private_repos":15,"owned_private_repos":15,"disk_usage":7159,"collaborators":0,"two_factor_authentication":false,"plan":{"name":"free","space":976562499,"collaborators":0,"private_repos":10000}}
[info] 
[info] +  Success! Logged into GitHub as Abhinavkumar216 
[info] 
[debug] [2022-03-26T13:08:54.753Z] >>> [apiv2][query] GET https://api.github.com/repos//actions/secrets/public-key type=owner
[debug] [2022-03-26T13:08:55.135Z] <<< [apiv2][status] GET https://api.github.com/repos//actions/secrets/public-key 404
[debug] [2022-03-26T13:08:55.136Z] <<< [apiv2][body] GET https://api.github.com/repos//actions/secrets/public-key {"message":"Not Found","documentation_url":"https://docs.github.com/rest"}
[debug] [2022-03-26T13:08:55.640Z] >>> [apiv2][query] GET https://api.github.com/repos//actions/secrets/public-key type=owner
[debug] [2022-03-26T13:08:56.008Z] <<< [apiv2][status] GET https://api.github.com/repos//actions/secrets/public-key 404
[debug] [2022-03-26T13:08:56.009Z] <<< [apiv2][body] GET https://api.github.com/repos//actions/secrets/public-key {"message":"Not Found","documentation_url":"https://docs.github.com/rest"}
[debug] [2022-03-26T13:09:09.075Z] >>> [apiv2][query] GET https://api.github.com/repos/OSGCricket/actions/secrets/public-key type=owner
[debug] [2022-03-26T13:09:09.448Z] <<< [apiv2][status] GET https://api.github.com/repos/OSGCricket/actions/secrets/public-key 404
[debug] [2022-03-26T13:09:09.449Z] <<< [apiv2][body] GET https://api.github.com/repos/OSGCricket/actions/secrets/public-key {"message":"Not Found","documentation_url":"https://docs.github.com/rest"}
[debug] [2022-03-26T13:09:10.177Z] >>> [apiv2][query] GET https://api.github.com/repos/OSGCricket/actions/secrets/public-key type=owner
[debug] [2022-03-26T13:09:10.530Z] <<< [apiv2][status] GET https://api.github.com/repos/OSGCricket/actions/secrets/public-key 404
[debug] [2022-03-26T13:09:10.530Z] <<< [apiv2][body] GET https://api.github.com/repos/OSGCricket/actions/secrets/public-key {"message":"Not Found","documentation_url":"https://docs.github.com/rest"}
[debug] [2022-03-26T13:09:13.772Z] >>> [apiv2][query] GET https://api.github.com/repos/OSGCricket/actions/secrets/public-key type=owner
[debug] [2022-03-26T13:09:14.560Z] <<< [apiv2][status] GET https://api.github.com/repos/OSGCricket/actions/secrets/public-key 404
[debug] [2022-03-26T13:09:14.560Z] <<< [apiv2][body] GET https://api.github.com/repos/OSGCricket/actions/secrets/public-key {"message":"Not Found","documentation_url":"https://docs.github.com/rest"}
[debug] [2022-03-26T13:09:14.856Z] >>> [apiv2][query] GET https://api.github.com/repos/OSGCricket/actions/secrets/public-key type=owner
[debug] [2022-03-26T13:09:15.242Z] <<< [apiv2][status] GET https://api.github.com/repos/OSGCricket/actions/secrets/public-key 404
[debug] [2022-03-26T13:09:15.243Z] <<< [apiv2][body] GET https://api.github.com/repos/OSGCricket/actions/secrets/public-key {"message":"Not Found","documentation_url":"https://docs.github.com/rest"}
[debug] [2022-03-26T13:09:17.685Z] >>> [apiv2][query] GET https://api.github.com/repos//actions/secrets/public-key type=owner
[debug] [2022-03-26T13:09:18.089Z] <<< [apiv2][status] GET https://api.github.com/repos//actions/secrets/public-key 404
[debug] [2022-03-26T13:09:18.090Z] <<< [apiv2][body] GET https://api.github.com/repos//actions/secrets/public-key {"message":"Not Found","documentation_url":"https://docs.github.com/rest"}
[debug] [2022-03-26T13:10:08.909Z] >>> [apiv2][query] GET https://api.github.com/repos/Abhinavkumar216/OSGCricket/actions/secrets/public-key type=owner
[debug] [2022-03-26T13:10:09.311Z] <<< [apiv2][status] GET https://api.github.com/repos/Abhinavkumar216/OSGCricket/actions/secrets/public-key 404
[debug] [2022-03-26T13:10:09.311Z] <<< [apiv2][body] GET https://api.github.com/repos/Abhinavkumar216/OSGCricket/actions/secrets/public-key {"message":"Not Found","documentation_url":"https://docs.github.com/rest/reference/actions#get-a-repository-public-key"}
[debug] [2022-03-26T13:10:16.529Z] >>> [apiv2][query] GET https://api.github.com/repos/Abhinavkumar216/OSGCricket/actions/secrets/public-key type=owner
[debug] [2022-03-26T13:10:16.938Z] <<< [apiv2][status] GET https://api.github.com/repos/Abhinavkumar216/OSGCricket/actions/secrets/public-key 404
[debug] [2022-03-26T13:10:16.938Z] <<< [apiv2][body] GET https://api.github.com/repos/Abhinavkumar216/OSGCricket/actions/secrets/public-key {"message":"Not Found","documentation_url":"https://docs.github.com/rest/reference/actions#get-a-repository-public-key"}
[debug] [2022-03-26T13:10:23.183Z] >>> [apiv2][query] GET https://api.github.com/repos/Abhinavkumar216/OSGCricket/actions/secrets/public-key type=owner
[debug] [2022-03-26T13:10:23.383Z] >>> [apiv2][query] GET https://api.github.com/repos//actions/secrets/public-key type=owner
[debug] [2022-03-26T13:10:23.554Z] <<< [apiv2][status] GET https://api.github.com/repos/Abhinavkumar216/OSGCricket/actions/secrets/public-key 404
[debug] [2022-03-26T13:10:23.554Z] <<< [apiv2][body] GET https://api.github.com/repos/Abhinavkumar216/OSGCricket/actions/secrets/public-key {"message":"Not Found","documentation_url":"https://docs.github.com/rest/reference/actions#get-a-repository-public-key"}
[debug] [2022-03-26T13:10:23.561Z] >>> [apiv2][query] GET https://api.github.com/repos/Abhinavkumar216/OSGCricket/actions/secrets/public-key type=owner
[debug] [2022-03-26T13:10:23.748Z] <<< [apiv2][status] GET https://api.github.com/repos//actions/secrets/public-key 404
[debug] [2022-03-26T13:10:23.749Z] <<< [apiv2][body] GET https://api.github.com/repos//actions/secrets/public-key {"message":"Not Found","documentation_url":"https://docs.github.com/rest"}
[debug] [2022-03-26T13:10:23.949Z] <<< [apiv2][status] GET https://api.github.com/repos/Abhinavkumar216/OSGCricket/actions/secrets/public-key 404
[debug] [2022-03-26T13:10:23.950Z] <<< [apiv2][body] GET https://api.github.com/repos/Abhinavkumar216/OSGCricket/actions/secrets/public-key {"message":"Not Found","documentation_url":"https://docs.github.com/rest/reference/actions#get-a-repository-public-key"}
[debug] [2022-03-26T13:10:49.983Z] >>> [apiv2][query] GET https://api.github.com/repos/Abhinavkumar216/cricket/actions/secrets/public-key type=owner
[debug] [2022-03-26T13:10:50.374Z] <<< [apiv2][status] GET https://api.github.com/repos/Abhinavkumar216/cricket/actions/secrets/public-key 404
[debug] [2022-03-26T13:10:50.375Z] <<< [apiv2][body] GET https://api.github.com/repos/Abhinavkumar216/cricket/actions/secrets/public-key {"message":"Not Found","documentation_url":"https://docs.github.com/rest/reference/actions#get-a-repository-public-key"}
